{"level":"info","message":"Server running on port 5000 in development mode","timestamp":"2026-07-06 21:13:25"}
{"level":"info","message":"GET /auth/me 304 - - 133.986 ms","timestamp":"2026-07-06 21:14:23"}
{"duration":136,"level":"info","message":"GET /auth/me 304 136ms","method":"GET","status":304,"timestamp":"2026-07-06 21:14:23","url":"/auth/me"}
{"level":"info","message":"GET /analytics 304 - - 196.976 ms","timestamp":"2026-07-06 21:14:24"}
{"duration":198,"level":"info","message":"GET /analytics 304 198ms","method":"GET","status":304,"timestamp":"2026-07-06 21:14:24","url":"/analytics"}
{"level":"info","message":"Server running on port 5000 in development mode","timestamp":"2026-07-06 21:19:17"}
{"level":"info","message":"Server running on port 5000 in development mode","timestamp":"2026-07-06 21:19:42"}
{"level":"info","message":"Server running on port 5000 in development mode","timestamp":"2026-07-06 21:19:58"}
{"level":"info","message":"Server running on port 5000 in development mode","timestamp":"2026-07-06 21:20:42"}
{"level":"info","message":"Server running on port 5000 in development mode","timestamp":"2026-07-06 21:21:30"}
{"level":"info","message":"Server running on port 5000 in development mode","timestamp":"2026-07-06 21:21:42"}
{"level":"info","message":"Server running on port 5000 in development mode","timestamp":"2026-07-06 21:21:53"}
{"level":"info","message":"Server running on port 5000 in development mode","timestamp":"2026-07-06 21:22:13"}
{"level":"info","message":"Server running on port 5000 in development mode","timestamp":"2026-07-06 21:23:03"}
{"level":"info","message":"Server running on port 5000 in development mode","timestamp":"2026-07-06 21:23:24"}
{"level":"info","message":"Server running on port 5000 in development mode","timestamp":"2026-07-06 21:23:44"}
{"level":"info","message":"Server running on port 5000 in development mode","timestamp":"2026-07-06 21:33:54"}
{"level":"info","message":"GET /feedback?page=1&limit=10 304 - - 1068.548 ms","timestamp":"2026-07-06 21:35:08"}
{"duration":1070,"level":"info","message":"GET /feedback?page=1&limit=10 304 1070ms","method":"GET","status":304,"timestamp":"2026-07-06 21:35:08","url":"/feedback?page=1&limit=10"}
{"level":"info","message":"GET /feedback?search=ram&page=1&limit=10 304 - - 1547.482 ms","timestamp":"2026-07-06 21:35:13"}
{"duration":1549,"level":"info","message":"GET /feedback?search=ram&page=1&limit=10 304 1549ms","method":"GET","status":304,"timestamp":"2026-07-06 21:35:13","url":"/feedback?search=ram&page=1&limit=10"}
{"level":"info","message":"POST /feedback 201 296 - 330.973 ms","timestamp":"2026-07-06 21:43:11"}
{"duration":352,"level":"info","message":"POST /feedback 201 352ms","method":"POST","status":201,"timestamp":"2026-07-06 21:43:11","url":"/feedback"}
{"level":"info","message":"GET /auth/me 304 - - 571.806 ms","timestamp":"2026-07-06 21:43:25"}
{"duration":573,"level":"info","message":"GET /auth/me 304 573ms","method":"GET","status":304,"timestamp":"2026-07-06 21:43:25","url":"/auth/me"}
{"level":"info","message":"GET /auth/me 304 - - 166.871 ms","timestamp":"2026-07-06 21:43:25"}
{"duration":168,"level":"info","message":"GET /auth/me 304 168ms","method":"GET","status":304,"timestamp":"2026-07-06 21:43:25","url":"/auth/me"}
{"level":"info","message":"GET /analytics 200 - - 2651.180 ms","timestamp":"2026-07-06 21:43:28"}
{"duration":2682,"level":"info","message":"GET /analytics 200 2682ms","method":"GET","status":200,"timestamp":"2026-07-06 21:43:28","url":"/analytics"}
{"level":"info","message":"GET /feedback?page=1&limit=10 200 - - 151.324 ms","timestamp":"2026-07-06 21:43:47"}
{"duration":155,"level":"info","message":"GET /feedback?page=1&limit=10 200 155ms","method":"GET","status":200,"timestamp":"2026-07-06 21:43:47","url":"/feedback?page=1&limit=10"}
{"level":"info","message":"GET /feedback?category=improvement&page=1&limit=10 200 396 - 133.475 ms","timestamp":"2026-07-06 21:43:51"}
{"duration":136,"level":"info","message":"GET /feedback?category=improvement&page=1&limit=10 200 136ms","method":"GET","status":200,"timestamp":"2026-07-06 21:43:51","url":"/feedback?category=improvement&page=1&limit=10"}
{"level":"info","message":"GET /feedback?category=improvement&status=Reviewed&page=1&limit=10 200 166 - 177.711 ms","timestamp":"2026-07-06 21:43:55"}
{"duration":179,"level":"info","message":"GET /feedback?category=improvement&status=Reviewed&page=1&limit=10 200 179ms","method":"GET","status":200,"timestamp":"2026-07-06 21:43:55","url":"/feedback?category=improvement&status=Reviewed&page=1&limit=10"}
{"level":"info","message":"GET /feedback/6a4bb6b0e28c0b2c2db538a4 304 - - 126.749 ms","timestamp":"2026-07-06 21:44:49"}
{"duration":129,"level":"info","message":"GET /feedback/6a4bb6b0e28c0b2c2db538a4 304 129ms","method":"GET","status":304,"timestamp":"2026-07-06 21:44:49","url":"/feedback/6a4bb6b0e28c0b2c2db538a4"}
{"level":"info","message":"GET /feedback?page=1&limit=10 304 - - 143.850 ms","timestamp":"2026-07-06 21:44:54"}
{"duration":145,"level":"info","message":"GET /feedback?page=1&limit=10 304 145ms","method":"GET","status":304,"timestamp":"2026-07-06 21:44:54","url":"/feedback?page=1&limit=10"}
{"level":"info","message":"DELETE /feedback/6a4bd417a7db93c00d9ae4e5 200 296 - 180.775 ms","timestamp":"2026-07-06 21:45:16"}
{"duration":185,"level":"info","message":"DELETE /feedback/6a4bd417a7db93c00d9ae4e5 200 185ms","method":"DELETE","status":200,"timestamp":"2026-07-06 21:45:16","url":"/feedback/6a4bd417a7db93c00d9ae4e5"}
{"level":"info","message":"GET /feedback?page=1&limit=10 200 916 - 83.217 ms","timestamp":"2026-07-06 21:45:16"}
{"duration":84,"level":"info","message":"GET /feedback?page=1&limit=10 200 84ms","method":"GET","status":200,"timestamp":"2026-07-06 21:45:16","url":"/feedback?page=1&limit=10"}
{"level":"info","message":"GET /feedback/6a4bb6b0e28c0b2c2db538a4 304 - - 126.041 ms","timestamp":"2026-07-06 21:45:22"}
{"duration":127,"level":"info","message":"GET /feedback/6a4bb6b0e28c0b2c2db538a4 304 127ms","method":"GET","status":304,"timestamp":"2026-07-06 21:45:22","url":"/feedback/6a4bb6b0e28c0b2c2db538a4"}
{"level":"info","message":"Server running on port 5000 in development mode","timestamp":"2026-07-06 21:49:53"}
{"level":"info","message":"GET /analytics 200 917 - 545.482 ms","timestamp":"2026-07-06 22:36:26"}
{"duration":576,"level":"info","message":"GET /analytics 200 576ms","method":"GET","status":200,"timestamp":"2026-07-06 22:36:26","url":"/analytics"}
{"level":"info","message":"GET /feedback?page=1&limit=10 304 - - 221.162 ms","timestamp":"2026-07-06 22:36:33"}
{"duration":222,"level":"info","message":"GET /feedback?page=1&limit=10 304 222ms","method":"GET","status":304,"timestamp":"2026-07-06 22:36:33","url":"/feedback?page=1&limit=10"}
{"level":"info","message":"GET /analytics 304 - - 214.962 ms","timestamp":"2026-07-06 22:42:27"}
{"duration":220,"level":"info","message":"GET /analytics 304 220ms","method":"GET","status":304,"timestamp":"2026-07-06 22:42:27","url":"/analytics"}
{"level":"info","message":"GET /feedback?page=1&limit=10 304 - - 147.673 ms","timestamp":"2026-07-06 22:42:44"}
{"duration":148,"level":"info","message":"GET /feedback?page=1&limit=10 304 148ms","method":"GET","status":304,"timestamp":"2026-07-06 22:42:44","url":"/feedback?page=1&limit=10"}
{"level":"info","message":"GET /auth/me 304 - - 294.258 ms","timestamp":"2026-07-06 22:45:15"}
{"duration":306,"level":"info","message":"GET /auth/me 304 306ms","method":"GET","status":304,"timestamp":"2026-07-06 22:45:15","url":"/auth/me"}
{"level":"info","message":"GET /feedback?page=1&limit=10 304 - - 195.396 ms","timestamp":"2026-07-06 22:45:18"}
{"duration":199,"level":"info","message":"GET /feedback?page=1&limit=10 304 199ms","method":"GET","status":304,"timestamp":"2026-07-06 22:45:18","url":"/feedback?page=1&limit=10"}
{"level":"info","message":"GET /feedback?status=Resolved&page=1&limit=10 200 166 - 135.965 ms","timestamp":"2026-07-06 22:48:09"}
{"duration":139,"level":"info","message":"GET /feedback?status=Resolved&page=1&limit=10 200 139ms","method":"GET","status":200,"timestamp":"2026-07-06 22:48:09","url":"/feedback?status=Resolved&page=1&limit=10"}
{"level":"info","message":"GET /feedback?status=Pending&page=1&limit=10 200 427 - 77.838 ms","timestamp":"2026-07-06 22:48:13"}
{"duration":79,"level":"info","message":"GET /feedback?status=Pending&page=1&limit=10 200 79ms","method":"GET","status":200,"timestamp":"2026-07-06 22:48:13","url":"/feedback?status=Pending&page=1&limit=10"}
{"level":"info","message":"GET /auth/me 304 - - 254.662 ms","timestamp":"2026-07-06 22:57:50"}
{"duration":261,"level":"info","message":"GET /auth/me 304 261ms","method":"GET","status":304,"timestamp":"2026-07-06 22:57:50","url":"/auth/me"}
{"level":"info","message":"GET /feedback?status=Resolved&page=1&limit=10 304 - - 167.883 ms","timestamp":"2026-07-06 22:57:51"}
{"duration":169,"level":"info","message":"GET /feedback?status=Resolved&page=1&limit=10 304 169ms","method":"GET","status":304,"timestamp":"2026-07-06 22:57:51","url":"/feedback?status=Resolved&page=1&limit=10"}
{"level":"info","message":"Server running on port 5000 in development mode","timestamp":"2026-07-06 23:03:50"}
{"level":"info","message":"GET /feedback?status=Resolved&page=1&limit=10 401 70 - 9.535 ms","timestamp":"2026-07-06 23:03:54"}
{"duration":23,"level":"warn","message":"GET /feedback?status=Resolved&page=1&limit=10 401 23ms","method":"GET","status":401,"timestamp":"2026-07-06 23:03:54","url":"/feedback?status=Resolved&page=1&limit=10"}
{"level":"info","message":"GET /feedback?status=Resolved&page=1&limit=10 401 70 - 9.568 ms","timestamp":"2026-07-06 23:06:16"}
{"duration":28,"level":"warn","message":"GET /feedback?status=Resolved&page=1&limit=10 401 28ms","method":"GET","status":401,"timestamp":"2026-07-06 23:06:16","url":"/feedback?status=Resolved&page=1&limit=10"}
{"level":"info","message":"GET /feedback?page=1&limit=10 401 70 - 2.945 ms","timestamp":"2026-07-06 23:06:23"}
{"duration":5,"level":"warn","message":"GET /feedback?page=1&limit=10 401 5ms","method":"GET","status":401,"timestamp":"2026-07-06 23:06:23","url":"/feedback?page=1&limit=10"}
{"level":"info","message":"GET /feedback?page=1&limit=10 401 70 - 0.686 ms","timestamp":"2026-07-06 23:06:24"}
{"duration":5,"level":"warn","message":"GET /feedback?page=1&limit=10 401 5ms","method":"GET","status":401,"timestamp":"2026-07-06 23:06:24","url":"/feedback?page=1&limit=10"}
{"level":"info","message":"POST /auth/logout 200 52 - 18.480 ms","timestamp":"2026-07-06 23:06:26"}
{"duration":20,"level":"info","message":"POST /auth/logout 200 20ms","method":"POST","status":200,"timestamp":"2026-07-06 23:06:26","url":"/auth/logout"}
{"level":"info","message":"GET /auth/me 401 70 - 1.391 ms","timestamp":"2026-07-06 23:06:27"}
{"duration":3,"level":"warn","message":"GET /auth/me 401 3ms","method":"GET","status":401,"timestamp":"2026-07-06 23:06:27","url":"/auth/me"}
{"level":"info","message":"POST /auth/login 401 72 - 414.115 ms","timestamp":"2026-07-06 23:07:09"}
{"duration":415,"level":"warn","message":"POST /auth/login 401 415ms","method":"POST","status":401,"timestamp":"2026-07-06 23:07:09","url":"/auth/login"}
{"level":"info","message":"POST /auth/login 401 72 - 423.251 ms","timestamp":"2026-07-06 23:07:38"}
{"duration":424,"level":"warn","message":"POST /auth/login 401 424ms","method":"POST","status":401,"timestamp":"2026-07-06 23:07:38","url":"/auth/login"}
{"level":"info","message":"POST /auth/login 200 144 - 504.702 ms","timestamp":"2026-07-06 23:11:37"}
{"duration":509,"level":"info","message":"POST /auth/login 200 509ms","method":"POST","status":200,"timestamp":"2026-07-06 23:11:37","url":"/auth/login"}
{"level":"info","message":"GET /analytics 200 917 - 449.512 ms","timestamp":"2026-07-06 23:11:39"}
{"duration":450,"level":"info","message":"GET /analytics 200 450ms","method":"GET","status":200,"timestamp":"2026-07-06 23:11:39","url":"/analytics"}
{"level":"info","message":"GET /feedback?page=1&limit=10 304 - - 130.149 ms","timestamp":"2026-07-06 23:11:49"}
{"duration":132,"level":"info","message":"GET /feedback?page=1&limit=10 304 132ms","method":"GET","status":304,"timestamp":"2026-07-06 23:11:49","url":"/feedback?page=1&limit=10"}
{"level":"info","message":"GET /feedback?status=Pending&page=1&limit=10 304 - - 160.405 ms","timestamp":"2026-07-06 23:12:03"}
{"duration":162,"level":"info","message":"GET /feedback?status=Pending&page=1&limit=10 304 162ms","method":"GET","status":304,"timestamp":"2026-07-06 23:12:03","url":"/feedback?status=Pending&page=1&limit=10"}
{"level":"info","message":"GET /feedback?rating=2&page=1&limit=10 200 166 - 71.481 ms","timestamp":"2026-07-06 23:12:10"}
{"duration":72,"level":"info","message":"GET /feedback?rating=2&page=1&limit=10 200 72ms","method":"GET","status":200,"timestamp":"2026-07-06 23:12:10","url":"/feedback?rating=2&page=1&limit=10"}
{"level":"info","message":"GET /feedback?page=1&limit=10 304 - - 128.633 ms","timestamp":"2026-07-06 23:12:20"}
{"duration":129,"level":"info","message":"GET /feedback?page=1&limit=10 304 129ms","method":"GET","status":304,"timestamp":"2026-07-06 23:12:20","url":"/feedback?page=1&limit=10"}
{"level":"info","message":"GET /analytics 200 917 - 155.390 ms","timestamp":"2026-07-06 23:12:24"}
{"duration":157,"level":"info","message":"GET /analytics 200 157ms","method":"GET","status":200,"timestamp":"2026-07-06 23:12:24","url":"/analytics"}
{"level":"info","message":"GET /feedback?page=1&limit=10 304 - - 147.218 ms","timestamp":"2026-07-06 23:16:22"}
{"duration":148,"level":"info","message":"GET /feedback?page=1&limit=10 304 148ms","method":"GET","status":304,"timestamp":"2026-07-06 23:16:22","url":"/feedback?page=1&limit=10"}
{"level":"info","message":"GET /feedback?page=1&limit=10 304 - - 93.416 ms","timestamp":"2026-07-06 23:19:01"}
{"duration":95,"level":"info","message":"GET /feedback?page=1&limit=10 304 95ms","method":"GET","status":304,"timestamp":"2026-07-06 23:19:01","url":"/feedback?page=1&limit=10"}
{"level":"info","message":"GET /auth/me 304 - - 187.666 ms","timestamp":"2026-07-06 23:19:44"}
{"duration":273,"level":"info","message":"GET /auth/me 304 273ms","method":"GET","status":304,"timestamp":"2026-07-06 23:19:44","url":"/auth/me"}
{"level":"info","message":"GET /feedback?page=1&limit=10 304 - - 149.924 ms","timestamp":"2026-07-06 23:19:47"}
{"duration":152,"level":"info","message":"GET /feedback?page=1&limit=10 304 152ms","method":"GET","status":304,"timestamp":"2026-07-06 23:19:47","url":"/feedback?page=1&limit=10"}
{"level":"info","message":"GET /feedback?page=1&limit=10 304 - - 153.392 ms","timestamp":"2026-07-06 23:22:51"}
{"duration":154,"level":"info","message":"GET /feedback?page=1&limit=10 304 154ms","method":"GET","status":304,"timestamp":"2026-07-06 23:22:51","url":"/feedback?page=1&limit=10"}
{"level":"info","message":"GET /auth/me 304 - - 83.635 ms","timestamp":"2026-07-06 23:23:04"}
{"duration":84,"level":"info","message":"GET /auth/me 304 84ms","method":"GET","status":304,"timestamp":"2026-07-06 23:23:04","url":"/auth/me"}
{"level":"info","message":"GET /feedback?page=1&limit=10 304 - - 531.088 ms","timestamp":"2026-07-06 23:23:33"}
{"duration":532,"level":"info","message":"GET /feedback?page=1&limit=10 304 532ms","method":"GET","status":304,"timestamp":"2026-07-06 23:23:33","url":"/feedback?page=1&limit=10"}
{"level":"info","message":"GET /feedback?page=1&limit=10 304 - - 89.302 ms","timestamp":"2026-07-06 23:24:47"}
{"duration":91,"level":"info","message":"GET /feedback?page=1&limit=10 304 91ms","method":"GET","status":304,"timestamp":"2026-07-06 23:24:47","url":"/feedback?page=1&limit=10"}
{"level":"info","message":"GET /feedback?page=1&limit=10 304 - - 571.196 ms","timestamp":"2026-07-06 23:29:40"}
{"duration":572,"level":"info","message":"GET /feedback?page=1&limit=10 304 572ms","method":"GET","status":304,"timestamp":"2026-07-06 23:29:40","url":"/feedback?page=1&limit=10"}
{"level":"info","message":"GET /feedback?page=1&limit=10 304 - - 111.343 ms","timestamp":"2026-07-06 23:38:07"}
{"duration":116,"level":"info","message":"GET /feedback?page=1&limit=10 304 116ms","method":"GET","status":304,"timestamp":"2026-07-06 23:38:07","url":"/feedback?page=1&limit=10"}
{"level":"info","message":"MongoDB connected successfully","timestamp":"2026-07-06 23:38:57"}
{"level":"info","message":"Server running on port 5000 in development mode","timestamp":"2026-07-06 23:38:58"}
{"level":"info","message":"GET /auth/me 304 - - 134.975 ms","timestamp":"2026-07-06 23:40:12"}
{"duration":146,"level":"info","message":"GET /auth/me 304 146ms","method":"GET","status":304,"timestamp":"2026-07-06 23:40:12","url":"/auth/me"}
{"level":"info","message":"GET /feedback?page=1&limit=10 304 - - 103.234 ms","timestamp":"2026-07-06 23:40:13"}
{"duration":105,"level":"info","message":"GET /feedback?page=1&limit=10 304 105ms","method":"GET","status":304,"timestamp":"2026-07-06 23:40:13","url":"/feedback?page=1&limit=10"}
{"level":"info","message":"GET /auth/me 304 - - 214.823 ms","timestamp":"2026-07-06 23:43:38"}
{"duration":228,"level":"info","message":"GET /auth/me 304 228ms","method":"GET","status":304,"timestamp":"2026-07-06 23:43:38","url":"/auth/me"}
{"level":"info","message":"GET /feedback?page=1&limit=10 304 - - 137.000 ms","timestamp":"2026-07-06 23:43:39"}
{"duration":142,"level":"info","message":"GET /feedback?page=1&limit=10 304 142ms","method":"GET","status":304,"timestamp":"2026-07-06 23:43:39","url":"/feedback?page=1&limit=10"}
{"error":"Database timeout","level":"error","message":"Unhandled error","stack":"Error: Database timeout\n    at Object.<anonymous> (C:\\Users\\CSCC Labs\\Desktop\\customer-feedback-platform\\server\\__tests__\\analytics.test.ts:123:39)\n    at Promise.finally.completed (C:\\Users\\CSCC Labs\\Desktop\\customer-feedback-platform\\server\\node_modules\\jest-circus\\build\\jestAdapterInit.js:1561:28)\n    at new Promise (<anonymous>)\n    at callAsyncCircusFn (C:\\Users\\CSCC Labs\\Desktop\\customer-feedback-platform\\server\\node_modules\\jest-circus\\build\\jestAdapterInit.js:1501:10)\n    at _callCircusTest (C:\\Users\\CSCC Labs\\Desktop\\customer-feedback-platform\\server\\node_modules\\jest-circus\\build\\jestAdapterInit.js:1011:40)\n    at processTicksAndRejections (node:internal/process/task_queues:104:5)\n    at async _runTest (C:\\Users\\CSCC Labs\\Desktop\\customer-feedback-platform\\server\\node_modules\\jest-circus\\build\\jestAdapterInit.js:951:3)\n    at async C:\\Users\\CSCC Labs\\Desktop\\customer-feedback-platform\\server\\node_modules\\jest-circus\\build\\jestAdapterInit.js:853:7\n    at async _runTestsForDescribeBlock (C:\\Users\\CSCC Labs\\Desktop\\customer-feedback-platform\\server\\node_modules\\jest-circus\\build\\jestAdapterInit.js:866:11)\n    at async _runTestsForDescribeBlock (C:\\Users\\CSCC Labs\\Desktop\\customer-feedback-platform\\server\\node_modules\\jest-circus\\build\\jestAdapterInit.js:861:11)\n    at async _runTestsForDescribeBlock (C:\\Users\\CSCC Labs\\Desktop\\customer-feedback-platform\\server\\node_modules\\jest-circus\\build\\jestAdapterInit.js:861:11)\n    at async run (C:\\Users\\CSCC Labs\\Desktop\\customer-feedback-platform\\server\\node_modules\\jest-circus\\build\\jestAdapterInit.js:765:3)\n    at async runAndTransformResultsToJestFormat (C:\\Users\\CSCC Labs\\Desktop\\customer-feedback-platform\\server\\node_modules\\jest-circus\\build\\jestAdapterInit.js:1993:21)\n    at async jestAdapter (C:\\Users\\CSCC Labs\\Desktop\\customer-feedback-platform\\server\\node_modules\\jest-circus\\build\\runner.js:111:19)\n    at async runTestInternal (C:\\Users\\CSCC Labs\\Desktop\\customer-feedback-platform\\server\\node_modules\\jest-runner\\build\\index.js:276:16)\n    at async runTest (C:\\Users\\CSCC Labs\\Desktop\\customer-feedback-platform\\server\\node_modules\\jest-runner\\build\\index.js:344:7)","timestamp":"2026-07-06 23:45:24"}
{"error":"Database connection failed","level":"error","message":"Unhandled error","stack":"Error: Database connection failed\n    at Object.<anonymous> (C:\\Users\\CSCC Labs\\Desktop\\customer-feedback-platform\\server\\__tests__\\feedback.test.ts:233:40)\n    at Promise.finally.completed (C:\\Users\\CSCC Labs\\Desktop\\customer-feedback-platform\\server\\node_modules\\jest-circus\\build\\jestAdapterInit.js:1561:28)\n    at new Promise (<anonymous>)\n    at callAsyncCircusFn (C:\\Users\\CSCC Labs\\Desktop\\customer-feedback-platform\\server\\node_modules\\jest-circus\\build\\jestAdapterInit.js:1501:10)\n    at _callCircusTest (C:\\Users\\CSCC Labs\\Desktop\\customer-feedback-platform\\server\\node_modules\\jest-circus\\build\\jestAdapterInit.js:1011:40)\n    at processTicksAndRejections (node:internal/process/task_queues:104:5)\n    at async _runTest (C:\\Users\\CSCC Labs\\Desktop\\customer-feedback-platform\\server\\node_modules\\jest-circus\\build\\jestAdapterInit.js:951:3)\n    at async C:\\Users\\CSCC Labs\\Desktop\\customer-feedback-platform\\server\\node_modules\\jest-circus\\build\\jestAdapterInit.js:853:7\n    at async _runTestsForDescribeBlock (C:\\Users\\CSCC Labs\\Desktop\\customer-feedback-platform\\server\\node_modules\\jest-circus\\build\\jestAdapterInit.js:866:11)\n    at async _runTestsForDescribeBlock (C:\\Users\\CSCC Labs\\Desktop\\customer-feedback-platform\\server\\node_modules\\jest-circus\\build\\jestAdapterInit.js:861:11)\n    at async _runTestsForDescribeBlock (C:\\Users\\CSCC Labs\\Desktop\\customer-feedback-platform\\server\\node_modules\\jest-circus\\build\\jestAdapterInit.js:861:11)\n    at async run (C:\\Users\\CSCC Labs\\Desktop\\customer-feedback-platform\\server\\node_modules\\jest-circus\\build\\jestAdapterInit.js:765:3)\n    at async runAndTransformResultsToJestFormat (C:\\Users\\CSCC Labs\\Desktop\\customer-feedback-platform\\server\\node_modules\\jest-circus\\build\\jestAdapterInit.js:1993:21)\n    at async jestAdapter (C:\\Users\\CSCC Labs\\Desktop\\customer-feedback-platform\\server\\node_modules\\jest-circus\\build\\runner.js:111:19)\n    at async runTestInternal (C:\\Users\\CSCC Labs\\Desktop\\customer-feedback-platform\\server\\node_modules\\jest-runner\\build\\index.js:276:16)\n    at async runTest (C:\\Users\\CSCC Labs\\Desktop\\customer-feedback-platform\\server\\node_modules\\jest-runner\\build\\index.js:344:7)","timestamp":"2026-07-06 23:45:26"}
{"error":"Unexpected error","level":"error","message":"Unhandled error","stack":"Error: Unexpected error\n    at Object.<anonymous> (C:\\Users\\CSCC Labs\\Desktop\\customer-feedback-platform\\server\\__tests__\\feedback.test.ts:325:15)\n    at C:\\Users\\CSCC Labs\\Desktop\\customer-feedback-platform\\server\\node_modules\\jest-mock\\build\\index.js:305:39\n    at Object.<anonymous> (C:\\Users\\CSCC Labs\\Desktop\\customer-feedback-platform\\server\\node_modules\\jest-mock\\build\\index.js:312:13)\n    at Object.mockConstructor [as find] (C:\\Users\\CSCC Labs\\Desktop\\customer-feedback-platform\\server\\node_modules\\jest-mock\\build\\index.js:102:19)\n    at getAllFeedbackService (C:\\Users\\CSCC Labs\\Desktop\\customer-feedback-platform\\server\\services\\feedbackService.ts:92:14)\n    at C:\\Users\\CSCC Labs\\Desktop\\customer-feedback-platform\\server\\controllers\\feedbackController.ts:25:45\n    at C:\\Users\\CSCC Labs\\Desktop\\customer-feedback-platform\\server\\utils\\asyncHandler.ts:7:21\n    at Layer.handleRequest (C:\\Users\\CSCC Labs\\Desktop\\customer-feedback-platform\\server\\node_modules\\router\\lib\\layer.js:152:17)\n    at next (C:\\Users\\CSCC Labs\\Desktop\\customer-feedback-platform\\server\\node_modules\\router\\lib\\route.js:157:13)\n    at authenticate (C:\\Users\\CSCC Labs\\Desktop\\customer-feedback-platform\\server\\__tests__\\feedback.test.ts:22:14)\n    at Layer.handleRequest (C:\\Users\\CSCC Labs\\Desktop\\customer-feedback-platform\\server\\node_modules\\router\\lib\\layer.js:152:17)\n    at next (C:\\Users\\CSCC Labs\\Desktop\\customer-feedback-platform\\server\\node_modules\\router\\lib\\route.js:157:13)\n    at Route.dispatch (C:\\Users\\CSCC Labs\\Desktop\\customer-feedback-platform\\server\\node_modules\\router\\lib\\route.js:117:3)\n    at handle (C:\\Users\\CSCC Labs\\Desktop\\customer-feedback-platform\\server\\node_modules\\router\\index.js:435:11)\n    at Layer.handleRequest (C:\\Users\\CSCC Labs\\Desktop\\customer-feedback-platform\\server\\node_modules\\router\\lib\\layer.js:152:17)\n    at C:\\Users\\CSCC Labs\\Desktop\\customer-feedback-platform\\server\\node_modules\\router\\index.js:295:15\n    at processParams (C:\\Users\\CSCC Labs\\Desktop\\customer-feedback-platform\\server\\node_modules\\router\\index.js:582:12)\n    at next (C:\\Users\\CSCC Labs\\Desktop\\customer-feedback-platform\\server\\node_modules\\router\\index.js:291:5)\n    at router.handle (C:\\Users\\CSCC Labs\\Desktop\\customer-feedback-platform\\server\\node_modules\\router\\index.js:186:3)\n    at router (C:\\Users\\CSCC Labs\\Desktop\\customer-feedback-platform\\server\\node_modules\\router\\index.js:60:12)\n    at Layer.handleRequest (C:\\Users\\CSCC Labs\\Desktop\\customer-feedback-platform\\server\\node_modules\\router\\lib\\layer.js:152:17)\n    at trimPrefix (C:\\Users\\CSCC Labs\\Desktop\\customer-feedback-platform\\server\\node_modules\\router\\index.js:342:13)\n    at C:\\Users\\CSCC Labs\\Desktop\\customer-feedback-platform\\server\\node_modules\\router\\index.js:297:9\n    at processParams (C:\\Users\\CSCC Labs\\Desktop\\customer-feedback-platform\\server\\node_modules\\router\\index.js:582:12)\n    at next (C:\\Users\\CSCC Labs\\Desktop\\customer-feedback-platform\\server\\node_modules\\router\\index.js:291:5)\n    at globalLimiter (C:\\Users\\CSCC Labs\\Desktop\\customer-feedback-platform\\server\\__tests__\\feedback.test.ts:11:55)\n    at Layer.handleRequest (C:\\Users\\CSCC Labs\\Desktop\\customer-feedback-platform\\server\\node_modules\\router\\lib\\layer.js:152:17)\n    at trimPrefix (C:\\Users\\CSCC Labs\\Desktop\\customer-feedback-platform\\server\\node_modules\\router\\index.js:342:13)\n    at C:\\Users\\CSCC Labs\\Desktop\\customer-feedback-platform\\server\\node_modules\\router\\index.js:297:9\n    at processParams (C:\\Users\\CSCC Labs\\Desktop\\customer-feedback-platform\\server\\node_modules\\router\\index.js:582:12)\n    at next (C:\\Users\\CSCC Labs\\Desktop\\customer-feedback-platform\\server\\node_modules\\router\\index.js:291:5)\n    at requestDuration (C:\\Users\\CSCC Labs\\Desktop\\customer-feedback-platform\\server\\__tests__\\feedback.test.ts:7:57)\n    at Layer.handleRequest (C:\\Users\\CSCC Labs\\Desktop\\customer-feedback-platform\\server\\node_modules\\router\\lib\\layer.js:152:17)\n    at trimPrefix (C:\\Users\\CSCC Labs\\Desktop\\customer-feedback-platform\\server\\node_modules\\router\\index.js:342:13)\n    at C:\\Users\\CSCC Labs\\Desktop\\customer-feedback-platform\\server\\node_modules\\router\\index.js:297:9\n    at processParams (C:\\Users\\CSCC Labs\\Desktop\\customer-feedback-platform\\server\\node_modules\\router\\index.js:582:12)\n    at next (C:\\Users\\CSCC Labs\\Desktop\\customer-feedback-platform\\server\\node_modules\\router\\index.js:291:5)\n    at httpLogger (C:\\Users\\CSCC Labs\\Desktop\\customer-feedback-platform\\server\\__tests__\\feedback.test.ts:6:52)\n    at Layer.handleRequest (C:\\Users\\CSCC Labs\\Desktop\\customer-feedback-platform\\server\\node_modules\\router\\lib\\layer.js:152:17)\n    at trimPrefix (C:\\Users\\CSCC Labs\\Desktop\\customer-feedback-platform\\server\\node_modules\\router\\index.js:342:13)\n    at C:\\Users\\CSCC Labs\\Desktop\\customer-feedback-platform\\server\\node_modules\\router\\index.js:297:9\n    at processParams (C:\\Users\\CSCC Labs\\Desktop\\customer-feedback-platform\\server\\node_modules\\router\\index.js:582:12)\n    at next (C:\\Users\\CSCC Labs\\Desktop\\customer-feedback-platform\\server\\node_modules\\router\\index.js:291:5)\n    at cookieParser (C:\\Users\\CSCC Labs\\Desktop\\customer-feedback-platform\\server\\node_modules\\cookie-parser\\index.js:57:14)\n    at Layer.handleRequest (C:\\Users\\CSCC Labs\\Desktop\\customer-feedback-platform\\server\\node_modules\\router\\lib\\layer.js:152:17)\n    at trimPrefix (C:\\Users\\CSCC Labs\\Desktop\\customer-feedback-platform\\server\\node_modules\\router\\index.js:342:13)\n    at C:\\Users\\CSCC Labs\\Desktop\\customer-feedback-platform\\server\\node_modules\\router\\index.js:297:9\n    at processParams (C:\\Users\\CSCC Labs\\Desktop\\customer-feedback-platform\\server\\node_modules\\router\\index.js:582:12)\n    at next (C:\\Users\\CSCC Labs\\Desktop\\customer-feedback-platform\\server\\node_modules\\router\\index.js:291:5)\n    at C:\\Users\\CSCC Labs\\Desktop\\customer-feedback-platform\\server\\__tests__\\feedback.test.ts:3:75\n    at Layer.handleRequest (C:\\Users\\CSCC Labs\\Desktop\\customer-feedback-platform\\server\\node_modules\\router\\lib\\layer.js:152:17)\n    at trimPrefix (C:\\Users\\CSCC Labs\\Desktop\\customer-feedback-platform\\server\\node_modules\\router\\index.js:342:13)\n    at C:\\Users\\CSCC Labs\\Desktop\\customer-feedback-platform\\server\\node_modules\\router\\index.js:297:9\n    at processParams (C:\\Users\\CSCC Labs\\Desktop\\customer-feedback-platform\\server\\node_modules\\router\\index.js:582:12)\n    at next (C:\\Users\\CSCC Labs\\Desktop\\customer-feedback-platform\\server\\node_modules\\router\\index.js:291:5)\n    at read (C:\\Users\\CSCC Labs\\Desktop\\customer-feedback-platform\\server\\node_modules\\body-parser\\lib\\read.js:53:5)\n    at urlencodedParser (C:\\Users\\CSCC Labs\\Desktop\\customer-feedback-platform\\server\\node_modules\\body-parser\\lib\\types\\urlencoded.js:51:5)\n    at Layer.handleRequest (C:\\Users\\CSCC Labs\\Desktop\\customer-feedback-platform\\server\\node_modules\\router\\lib\\layer.js:152:17)\n    at trimPrefix (C:\\Users\\CSCC Labs\\Desktop\\customer-feedback-platform\\server\\node_modules\\router\\index.js:342:13)\n    at C:\\Users\\CSCC Labs\\Desktop\\customer-feedback-platform\\server\\node_modules\\router\\index.js:297:9\n    at processParams (C:\\Users\\CSCC Labs\\Desktop\\customer-feedback-platform\\server\\node_modules\\router\\index.js:582:12)\n    at next (C:\\Users\\CSCC Labs\\Desktop\\customer-feedback-platform\\server\\node_modules\\router\\index.js:291:5)\n    at read (C:\\Users\\CSCC Labs\\Desktop\\customer-feedback-platform\\server\\node_modules\\body-parser\\lib\\read.js:53:5)\n    at jsonParser (C:\\Users\\CSCC Labs\\Desktop\\customer-feedback-platform\\server\\node_modules\\body-parser\\lib\\types\\json.js:60:5)\n    at Layer.handleRequest (C:\\Users\\CSCC Labs\\Desktop\\customer-feedback-platform\\server\\node_modules\\router\\lib\\layer.js:152:17)\n    at trimPrefix (C:\\Users\\CSCC Labs\\Desktop\\customer-feedback-platform\\server\\node_modules\\router\\index.js:342:13)\n    at C:\\Users\\CSCC Labs\\Desktop\\customer-feedback-platform\\server\\node_modules\\router\\index.js:297:9\n    at processParams (C:\\Users\\CSCC Labs\\Desktop\\customer-feedback-platform\\server\\node_modules\\router\\index.js:582:12)\n    at next (C:\\Users\\CSCC Labs\\Desktop\\customer-feedback-platform\\server\\node_modules\\router\\index.js:291:5)\n    at C:\\Users\\CSCC Labs\\Desktop\\customer-feedback-platform\\server\\__tests__\\feedback.test.ts:2:68\n    at Layer.handleRequest (C:\\Users\\CSCC Labs\\Desktop\\customer-feedback-platform\\server\\node_modules\\router\\lib\\layer.js:152:17)\n    at trimPrefix (C:\\Users\\CSCC Labs\\Desktop\\customer-feedback-platform\\server\\node_modules\\router\\index.js:342:13)\n    at C:\\Users\\CSCC Labs\\Desktop\\customer-feedback-platform\\server\\node_modules\\router\\index.js:297:9\n    at processParams (C:\\Users\\CSCC Labs\\Desktop\\customer-feedback-platform\\server\\node_modules\\router\\index.js:582:12)\n    at next (C:\\Users\\CSCC Labs\\Desktop\\customer-feedback-platform\\server\\node_modules\\router\\index.js:291:5)\n    at C:\\Users\\CSCC Labs\\Desktop\\customer-feedback-platform\\server\\__tests__\\feedback.test.ts:1:70\n    at Layer.handleRequest (C:\\Users\\CSCC Labs\\Desktop\\customer-feedback-platform\\server\\node_modules\\router\\lib\\layer.js:152:17)\n    at trimPrefix (C:\\Users\\CSCC Labs\\Desktop\\customer-feedback-platform\\server\\node_modules\\router\\index.js:342:13)\n    at C:\\Users\\CSCC Labs\\Desktop\\customer-feedback-platform\\server\\node_modules\\router\\index.js:297:9\n    at processParams (C:\\Users\\CSCC Labs\\Desktop\\customer-feedback-platform\\server\\node_modules\\router\\index.js:582:12)\n    at next (C:\\Users\\CSCC Labs\\Desktop\\customer-feedback-platform\\server\\node_modules\\router\\index.js:291:5)\n    at router.handle (C:\\Users\\CSCC Labs\\Desktop\\customer-feedback-platform\\server\\node_modules\\router\\index.js:186:3)\n    at app.handle (C:\\Users\\CSCC Labs\\Desktop\\customer-feedback-platform\\server\\node_modules\\express\\lib\\application.js:177:15)\n    at Server.app (C:\\Users\\CSCC Labs\\Desktop\\customer-feedback-platform\\server\\node_modules\\express\\lib\\express.js:38:9)\n    at Server.emit (node:events:509:28)\n    at Server.emit (node:domain:489:12)\n    at parserOnIncoming (node:_http_server:1268:12)\n    at HTTPParser.parserOnHeadersComplete (node:_http_common:125:17)","timestamp":"2026-07-06 23:45:27"}
